# JRE version: OpenJDK Runtime Environment Temurin-17.0.3+7 (17.0.3+7) (build 17.0.3+7)
# Java VM: OpenJDK 64-Bit Server VM Temurin-17.0.3+7 (17.0.3+7, mixed mode, tiered, compressed oops, compressed class ptrs, g1 gc, windows-amd64)
GC Precious Log:
 CPUs: 4 total, 4 available
 Memory: 8082M
 Large Page Support: Disabled
 NUMA Support: Disabled
 Compressed Oops: Enabled (32-bit)
 Heap Region Size: 1M
 Heap Min Capacity: 8M
 Heap Initial Capacity: 128M
 Heap Max Capacity: 2022M
 Pre-touch: Disabled
 Parallel Workers: 4
 Concurrent Workers: 1
 Concurrent Refinement Workers: 4
 Periodic GC: Disabled
Heap:
 garbage-first heap   total 51200K, used 26212K [0x0000000081a00000, 0x0000000100000000)
  region size 1024K, 2 young (2048K), 1 survivors (1024K)
 Metaspace       used 63868K, committed 64320K, reserved 1105920K
  class space    used 8475K, committed 8704K, reserved 1048576K
GC Heap History (20 events):
Event: 63949.357 GC heap before
{Heap before GC invocations=82 (full 0):
 garbage-first heap   total 51200K, used 44583K [0x0000000081a00000, 0x0000000100000000)
  region size 1024K, 19 young (19456K), 1 survivors (1024K)
 Metaspace       used 63843K, committed 64320K, reserved 1105920K
  class space    used 8474K, committed 8704K, reserved 1048576K
}
Event: 63949.527 GC heap after
{Heap after GC invocations=83 (full 0):
 garbage-first heap   total 51200K, used 26142K [0x0000000081a00000, 0x0000000100000000)
  region size 1024K, 1 young (1024K), 1 survivors (1024K)
 Metaspace       used 63843K, committed 64320K, reserved 1105920K
  class space    used 8474K, committed 8704K, reserved 1048576K
}
Event: 64319.330 GC heap before
{Heap before GC invocations=83 (full 0):
 garbage-first heap   total 51200K, used 44574K [0x0000000081a00000, 0x0000000100000000)
  region size 1024K, 19 young (19456K), 1 survivors (1024K)
 Metaspace       used 63843K, committed 64320K, reserved 1105920K
  class space    used 8474K, committed 8704K, reserved 1048576K
}
Event: 64319.518 GC heap after
{Heap after GC invocations=84 (full 0):
 garbage-first heap   total 51200K, used 26162K [0x0000000081a00000, 0x0000000100000000)
  region size 1024K, 1 young (1024K), 1 survivors (1024K)
 Metaspace       used 63843K, committed 64320K, reserved 1105920K
  class space    used 8474K, committed 8704K, reserved 1048576K
}
Event: 64657.248 GC heap before
{Heap before GC invocations=85 (full 0):
 garbage-first heap   total 51200K, used 44594K [0x0000000081a00000, 0x0000000100000000)
  region size 1024K, 19 young (19456K), 1 survivors (1024K)
 Metaspace       used 63850K, committed 64320K, reserved 1105920K
  class space    used 8474K, committed 8704K, reserved 1048576K
}
Event: 64657.497 GC heap after
{Heap after GC invocations=86 (full 0):
 garbage-first heap   total 51200K, used 26338K [0x0000000081a00000, 0x0000000100000000)
  region size 1024K, 1 young (1024K), 1 survivors (1024K)
 Metaspace       used 63850K, committed 64320K, reserved 1105920K
  class space    used 8474K, committed 8704K, reserved 1048576K
}
Event: 65027.097 GC heap before
{Heap before GC invocations=86 (full 0):
 garbage-first heap   total 51200K, used 44770K [0x0000000081a00000, 0x0000000100000000)
  region size 1024K, 19 young (19456K), 1 survivors (1024K)
 Metaspace       used 63850K, committed 64320K, reserved 1105920K
  class space    used 8474K, committed 8704K, reserved 1048576K
}
Event: 65027.169 GC heap after
{Heap after GC invocations=87 (full 0):
 garbage-first heap   total 51200K, used 26161K [0x0000000081a00000, 0x0000000100000000)
  region size 1024K, 1 young (1024K), 1 survivors (1024K)
 Metaspace       used 63850K, committed 64320K, reserved 1105920K
  class space    used 8474K, committed 8704K, reserved 1048576K
}
Event: 65394.042 GC heap before
{Heap before GC invocations=88 (full 0):
 garbage-first heap   total 51200K, used 44593K [0x0000000081a00000, 0x0000000100000000)
  region size 1024K, 19 young (19456K), 1 survivors (1024K)
 Metaspace       used 63850K, committed 64320K, reserved 1105920K
  class space    used 8474K, committed 8704K, reserved 1048576K
}
Event: 65394.079 GC heap after
{Heap after GC invocations=89 (full 0):
 garbage-first heap   total 51200K, used 26161K [0x0000000081a00000, 0x0000000100000000)
  region size 1024K, 1 young (1024K), 1 survivors (1024K)
 Metaspace       used 63850K, committed 64320K, reserved 1105920K
  class space    used 8474K, committed 8704K, reserved 1048576K
}
Event: 65759.574 GC heap before
{Heap before GC invocations=89 (full 0):
 garbage-first heap   total 51200K, used 44593K [0x0000000081a00000, 0x0000000100000000)
  region size 1024K, 19 young (19456K), 1 survivors (1024K)
 Metaspace       used 63850K, committed 64320K, reserved 1105920K
  class space    used 8474K, committed 8704K, reserved 1048576K
}
Event: 65759.586 GC heap after
{Heap after GC invocations=90 (full 0):
 garbage-first heap   total 51200K, used 26159K [0x0000000081a00000, 0x0000000100000000)
  region size 1024K, 1 young (1024K), 1 survivors (1024K)
 Metaspace       used 63850K, committed 64320K, reserved 1105920K
  class space    used 8474K, committed 8704K, reserved 1048576K
}
Event: 66123.391 GC heap before
{Heap before GC invocations=91 (full 0):
 garbage-first heap   total 51200K, used 44591K [0x0000000081a00000, 0x0000000100000000)
  region size 1024K, 19 young (19456K), 1 survivors (1024K)
 Metaspace       used 63850K, committed 64320K, reserved 1105920K
  class space    used 8474K, committed 8704K, reserved 1048576K
}
Event: 66123.441 GC heap after
{Heap after GC invocations=92 (full 0):
 garbage-first heap   total 51200K, used 26168K [0x0000000081a00000, 0x0000000100000000)
  region size 1024K, 1 young (1024K), 1 survivors (1024K)
 Metaspace       used 63850K, committed 64320K, reserved 1105920K
  class space    used 8474K, committed 8704K, reserved 1048576K
}
Event: 66463.369 GC heap before
{Heap before GC invocations=92 (full 0):
 garbage-first heap   total 51200K, used 44600K [0x0000000081a00000, 0x0000000100000000)
  region size 1024K, 19 young (19456K), 1 survivors (1024K)
 Metaspace       used 63867K, committed 64320K, reserved 1105920K
  class space    used 8474K, committed 8704K, reserved 1048576K
}
Event: 66463.404 GC heap after
{Heap after GC invocations=93 (full 0):
 garbage-first heap   total 51200K, used 26342K [0x0000000081a00000, 0x0000000100000000)
  region size 1024K, 1 young (1024K), 1 survivors (1024K)
 Metaspace       used 63867K, committed 64320K, reserved 1105920K
  class space    used 8474K, committed 8704K, reserved 1048576K
}
Event: 66828.974 GC heap before
{Heap before GC invocations=94 (full 0):
 garbage-first heap   total 51200K, used 44774K [0x0000000081a00000, 0x0000000100000000)
  region size 1024K, 19 young (19456K), 1 survivors (1024K)
 Metaspace       used 63868K, committed 64320K, reserved 1105920K
  class space    used 8475K, committed 8704K, reserved 1048576K
}
Event: 66828.986 GC heap after
{Heap after GC invocations=95 (full 0):
 garbage-first heap   total 51200K, used 26171K [0x0000000081a00000, 0x0000000100000000)
  region size 1024K, 1 young (1024K), 1 survivors (1024K)
 Metaspace       used 63868K, committed 64320K, reserved 1105920K
  class space    used 8475K, committed 8704K, reserved 1048576K
}
Event: 67198.199 GC heap before
{Heap before GC invocations=95 (full 0):
 garbage-first heap   total 51200K, used 44603K [0x0000000081a00000, 0x0000000100000000)
  region size 1024K, 19 young (19456K), 1 survivors (1024K)
 Metaspace       used 63868K, committed 64320K, reserved 1105920K
  class space    used 8475K, committed 8704K, reserved 1048576K
}
Event: 67198.258 GC heap after
{Heap after GC invocations=96 (full 0):
 garbage-first heap   total 51200K, used 26212K [0x0000000081a00000, 0x0000000100000000)
  region size 1024K, 1 young (1024K), 1 survivors (1024K)
 Metaspace       used 63868K, committed 64320K, reserved 1105920K
  class space    used 8475K, committed 8704K, reserved 1048576K
}

