# JRE version: Java(TM) SE Runtime Environment (17.0+35) (build 17+35-LTS-2724)
# Java VM: Java HotSpot(TM) 64-Bit Server VM (17+35-LTS-2724, mixed mode, sharing, tiered, compressed oops, compressed class ptrs, g1 gc, windows-amd64)
GC Precious Log:
 CPUs: 4 total, 4 available
 Memory: 8082M
 Large Page Support: Disabled
 NUMA Support: Disabled
 Compressed Oops: Enabled (32-bit)
 Heap Region Size: 1M
 Heap Min Capacity: 8M
 Heap Initial Capacity: 128M
 Heap Max Capacity: 2022M
 Pre-touch: Disabled
 Parallel Workers: 4
 Concurrent Workers: 1
 Concurrent Refinement Workers: 4
 Periodic GC: Disabled
Heap:
 garbage-first heap   total 531456K, used 402802K [0x0000000081a00000, 0x0000000100000000)
  region size 1024K, 95 young (97280K), 10 survivors (10240K)
 Metaspace       used 316011K, committed 321856K, reserved 1343488K
  class space    used 30257K, committed 32576K, reserved 1048576K
GC Heap History (20 events):
Event: 54466.281 GC heap after
{Heap after GC invocations=954 (full 311):
 garbage-first heap   total 531456K, used 302875K [0x0000000081a00000, 0x0000000100000000)
  region size 1024K, 1 young (1024K), 1 survivors (1024K)
 Metaspace       used 314604K, committed 320448K, reserved 1343488K
  class space    used 30134K, committed 32448K, reserved 1048576K
}
Event: 54492.273 GC heap before
{Heap before GC invocations=954 (full 311):
 garbage-first heap   total 531456K, used 472859K [0x0000000081a00000, 0x0000000100000000)
  region size 1024K, 167 young (171008K), 1 survivors (1024K)
 Metaspace       used 314604K, committed 320448K, reserved 1343488K
  class space    used 30134K, committed 32448K, reserved 1048576K
}
Event: 54492.275 GC heap after
{Heap after GC invocations=955 (full 311):
 garbage-first heap   total 531456K, used 303074K [0x0000000081a00000, 0x0000000100000000)
  region size 1024K, 1 young (1024K), 1 survivors (1024K)
 Metaspace       used 314604K, committed 320448K, reserved 1343488K
  class space    used 30134K, committed 32448K, reserved 1048576K
}
Event: 54518.531 GC heap before
{Heap before GC invocations=955 (full 311):
 garbage-first heap   total 531456K, used 473058K [0x0000000081a00000, 0x0000000100000000)
  region size 1024K, 167 young (171008K), 1 survivors (1024K)
 Metaspace       used 314604K, committed 320448K, reserved 1343488K
  class space    used 30134K, committed 32448K, reserved 1048576K
}
Event: 54518.532 GC heap after
{Heap after GC invocations=956 (full 311):
 garbage-first heap   total 531456K, used 303646K [0x0000000081a00000, 0x0000000100000000)
  region size 1024K, 2 young (2048K), 2 survivors (2048K)
 Metaspace       used 314604K, committed 320448K, reserved 1343488K
  class space    used 30134K, committed 32448K, reserved 1048576K
}
Event: 54524.714 GC heap before
{Heap before GC invocations=956 (full 311):
 garbage-first heap   total 531456K, used 471582K [0x0000000081a00000, 0x0000000100000000)
  region size 1024K, 167 young (171008K), 2 survivors (2048K)
 Metaspace       used 315068K, committed 320896K, reserved 1343488K
  class space    used 30178K, committed 32512K, reserved 1048576K
}
Event: 54524.764 GC heap after
{Heap after GC invocations=957 (full 311):
 garbage-first heap   total 531456K, used 310607K [0x0000000081a00000, 0x0000000100000000)
  region size 1024K, 8 young (8192K), 8 survivors (8192K)
 Metaspace       used 315068K, committed 320896K, reserved 1343488K
  class space    used 30178K, committed 32512K, reserved 1048576K
}
Event: 54528.570 GC heap before
{Heap before GC invocations=957 (full 311):
 garbage-first heap   total 531456K, used 464207K [0x0000000081a00000, 0x0000000100000000)
  region size 1024K, 159 young (162816K), 8 survivors (8192K)
 Metaspace       used 315574K, committed 321408K, reserved 1343488K
  class space    used 30228K, committed 32576K, reserved 1048576K
}
Event: 54528.630 GC heap after
{Heap after GC invocations=958 (full 311):
 garbage-first heap   total 531456K, used 313679K [0x0000000081a00000, 0x0000000100000000)
  region size 1024K, 11 young (11264K), 11 survivors (11264K)
 Metaspace       used 315574K, committed 321408K, reserved 1343488K
  class space    used 30228K, committed 32576K, reserved 1048576K
}
Event: 54540.572 GC heap before
{Heap before GC invocations=958 (full 311):
 garbage-first heap   total 531456K, used 462159K [0x0000000081a00000, 0x0000000100000000)
  region size 1024K, 156 young (159744K), 11 survivors (11264K)
 Metaspace       used 315983K, committed 321792K, reserved 1343488K
  class space    used 30255K, committed 32576K, reserved 1048576K
}
Event: 54540.693 GC heap after
{Heap after GC invocations=959 (full 311):
 garbage-first heap   total 531456K, used 315318K [0x0000000081a00000, 0x0000000100000000)
  region size 1024K, 9 young (9216K), 9 survivors (9216K)
 Metaspace       used 315983K, committed 321792K, reserved 1343488K
  class space    used 30255K, committed 32576K, reserved 1048576K
}
Event: 54562.493 GC heap before
{Heap before GC invocations=959 (full 311):
 garbage-first heap   total 531456K, used 462774K [0x0000000081a00000, 0x0000000100000000)
  region size 1024K, 153 young (156672K), 9 survivors (9216K)
 Metaspace       used 315983K, committed 321792K, reserved 1343488K
  class space    used 30255K, committed 32576K, reserved 1048576K
}
Event: 54562.523 GC heap after
{Heap after GC invocations=960 (full 311):
 garbage-first heap   total 531456K, used 315760K [0x0000000081a00000, 0x0000000100000000)
  region size 1024K, 10 young (10240K), 10 survivors (10240K)
 Metaspace       used 315983K, committed 321792K, reserved 1343488K
  class space    used 30255K, committed 32576K, reserved 1048576K
}
Event: 54584.473 GC heap before
{Heap before GC invocations=960 (full 311):
 garbage-first heap   total 531456K, used 465264K [0x0000000081a00000, 0x0000000100000000)
  region size 1024K, 156 young (159744K), 10 survivors (10240K)
 Metaspace       used 315983K, committed 321792K, reserved 1343488K
  class space    used 30255K, committed 32576K, reserved 1048576K
}
Event: 54584.487 GC heap after
{Heap after GC invocations=961 (full 311):
 garbage-first heap   total 531456K, used 315751K [0x0000000081a00000, 0x0000000100000000)
  region size 1024K, 10 young (10240K), 10 survivors (10240K)
 Metaspace       used 315983K, committed 321792K, reserved 1343488K
  class space    used 30255K, committed 32576K, reserved 1048576K
}
Event: 54607.062 GC heap before
{Heap before GC invocations=961 (full 311):
 garbage-first heap   total 531456K, used 466279K [0x0000000081a00000, 0x0000000100000000)
  region size 1024K, 157 young (160768K), 10 survivors (10240K)
 Metaspace       used 315983K, committed 321792K, reserved 1343488K
  class space    used 30255K, committed 32576K, reserved 1048576K
}
Event: 54607.069 GC heap after
{Heap after GC invocations=962 (full 311):
 garbage-first heap   total 531456K, used 315318K [0x0000000081a00000, 0x0000000100000000)
  region size 1024K, 9 young (9216K), 9 survivors (9216K)
 Metaspace       used 315983K, committed 321792K, reserved 1343488K
  class space    used 30255K, committed 32576K, reserved 1048576K
}
Event: 54629.663 GC heap before
{Heap before GC invocations=962 (full 311):
 garbage-first heap   total 531456K, used 467894K [0x0000000081a00000, 0x0000000100000000)
  region size 1024K, 158 young (161792K), 9 survivors (9216K)
 Metaspace       used 316008K, committed 321856K, reserved 1343488K
  class space    used 30256K, committed 32576K, reserved 1048576K
}
Event: 54629.669 GC heap after
{Heap after GC invocations=963 (full 311):
 garbage-first heap   total 531456K, used 315762K [0x0000000081a00000, 0x0000000100000000)
  region size 1024K, 10 young (10240K), 10 survivors (10240K)
 Metaspace       used 316008K, committed 321856K, reserved 1343488K
  class space    used 30256K, committed 32576K, reserved 1048576K
}
Event: 54641.909 GC heap before
{Heap before GC invocations=963 (full 311):
 garbage-first heap   total 531456K, used 401778K [0x0000000081a00000, 0x0000000100000000)
  region size 1024K, 95 young (97280K), 10 survivors (10240K)
 Metaspace       used 316011K, committed 321856K, reserved 1343488K
  class space    used 30257K, committed 32576K, reserved 1048576K
}

