# JRE version: OpenJDK Runtime Environment Temurin-17.0.4+8 (17.0.4+8) (build 17.0.4+8)
# Java VM: OpenJDK 64-Bit Server VM Temurin-17.0.4+8 (17.0.4+8, mixed mode, tiered, compressed oops, compressed class ptrs, parallel gc, windows-amd64)
GC Precious Log:
 CPUs: 4 total, 4 available
 Memory: 8082M
 Large Page Support: Disabled
 NUMA Support: Disabled
 Compressed Oops: Enabled (32-bit)
 Alignments: Space 512K, Generation 512K, Heap 2M
 Heap Min Capacity: 100M
 Heap Initial Capacity: 100M
 Heap Max Capacity: 1G
 Pre-touch: Disabled
 Parallel Workers: 4
Heap:
 PSYoungGen      total 13824K, used 1534K [0x00000000eab00000, 0x00000000ecf00000, 0x0000000100000000)
  eden space 12288K, 0% used [0x00000000eab00000,0x00000000eab00000,0x00000000eb700000)
  from space 1536K, 99% used [0x00000000eb780000,0x00000000eb8ff920,0x00000000eb900000)
  to   space 12288K, 0% used [0x00000000ec300000,0x00000000ec300000,0x00000000ecf00000)
 ParOldGen       total 283648K, used 283459K [0x00000000c0000000, 0x00000000d1500000, 0x00000000eab00000)
  object space 283648K, 99% used [0x00000000c0000000,0x00000000d14d0cc0,0x00000000d1500000)
 Metaspace       used 90948K, committed 92224K, reserved 1138688K
  class space    used 9211K, committed 9792K, reserved 1048576K
GC Heap History (20 events):
Event: 473.931 GC heap after
{Heap after GC invocations=1425 (full 45):
 PSYoungGen      total 13312K, used 282K [0x00000000eab00000, 0x00000000eba00000, 0x0000000100000000)
  eden space 11776K, 0% used [0x00000000eab00000,0x00000000eab00000,0x00000000eb680000)
  from space 1536K, 18% used [0x00000000eb780000,0x00000000eb7c6900,0x00000000eb900000)
  to   space 1024K, 0% used [0x00000000eb680000,0x00000000eb680000,0x00000000eb780000)
 ParOldGen       total 279552K, used 266129K [0x00000000c0000000, 0x00000000d1100000, 0x00000000eab00000)
  object space 279552K, 95% used [0x00000000c0000000,0x00000000d03e4798,0x00000000d1100000)
 Metaspace       used 90896K, committed 92224K, reserved 1138688K
  class space    used 9210K, committed 9792K, reserved 1048576K
}
Event: 474.690 GC heap before
{Heap before GC invocations=1426 (full 45):
 PSYoungGen      total 13312K, used 12058K [0x00000000eab00000, 0x00000000eba00000, 0x0000000100000000)
  eden space 11776K, 100% used [0x00000000eab00000,0x00000000eb680000,0x00000000eb680000)
  from space 1536K, 18% used [0x00000000eb780000,0x00000000eb7c6900,0x00000000eb900000)
  to   space 1024K, 0% used [0x00000000eb680000,0x00000000eb680000,0x00000000eb780000)
 ParOldGen       total 279552K, used 266129K [0x00000000c0000000, 0x00000000d1100000, 0x00000000eab00000)
  object space 279552K, 95% used [0x00000000c0000000,0x00000000d03e4798,0x00000000d1100000)
 Metaspace       used 90897K, committed 92224K, reserved 1138688K
  class space    used 9210K, committed 9792K, reserved 1048576K
}
Event: 474.694 GC heap after
{Heap after GC invocations=1426 (full 45):
 PSYoungGen      total 12800K, used 1022K [0x00000000eab00000, 0x00000000ebe80000, 0x0000000100000000)
  eden space 11776K, 0% used [0x00000000eab00000,0x00000000eab00000,0x00000000eb680000)
  from space 1024K, 99% used [0x00000000eb680000,0x00000000eb77f920,0x00000000eb780000)
  to   space 4096K, 0% used [0x00000000eba80000,0x00000000eba80000,0x00000000ebe80000)
 ParOldGen       total 279552K, used 268610K [0x00000000c0000000, 0x00000000d1100000, 0x00000000eab00000)
  object space 279552K, 96% used [0x00000000c0000000,0x00000000d0650a10,0x00000000d1100000)
 Metaspace       used 90897K, committed 92224K, reserved 1138688K
  class space    used 9210K, committed 9792K, reserved 1048576K
}
Event: 474.715 GC heap before
{Heap before GC invocations=1427 (full 45):
 PSYoungGen      total 12800K, used 12798K [0x00000000eab00000, 0x00000000ebe80000, 0x0000000100000000)
  eden space 11776K, 100% used [0x00000000eab00000,0x00000000eb680000,0x00000000eb680000)
  from space 1024K, 99% used [0x00000000eb680000,0x00000000eb77f920,0x00000000eb780000)
  to   space 4096K, 0% used [0x00000000eba80000,0x00000000eba80000,0x00000000ebe80000)
 ParOldGen       total 279552K, used 268610K [0x00000000c0000000, 0x00000000d1100000, 0x00000000eab00000)
  object space 279552K, 96% used [0x00000000c0000000,0x00000000d0650a10,0x00000000d1100000)
 Metaspace       used 90897K, committed 92224K, reserved 1138688K
  class space    used 9210K, committed 9792K, reserved 1048576K
}
Event: 474.719 GC heap after
{Heap after GC invocations=1427 (full 45):
 PSYoungGen      total 13312K, used 1428K [0x00000000eab00000, 0x00000000ebc00000, 0x0000000100000000)
  eden space 11776K, 0% used [0x00000000eab00000,0x00000000eab00000,0x00000000eb680000)
  from space 1536K, 93% used [0x00000000eba80000,0x00000000ebbe5200,0x00000000ebc00000)
  to   space 2560K, 0% used [0x00000000eb700000,0x00000000eb700000,0x00000000eb980000)
 ParOldGen       total 279552K, used 269018K [0x00000000c0000000, 0x00000000d1100000, 0x00000000eab00000)
  object space 279552K, 96% used [0x00000000c0000000,0x00000000d06b6a10,0x00000000d1100000)
 Metaspace       used 90897K, committed 92224K, reserved 1138688K
  class space    used 9210K, committed 9792K, reserved 1048576K
}
Event: 474.731 GC heap before
{Heap before GC invocations=1428 (full 45):
 PSYoungGen      total 13312K, used 13204K [0x00000000eab00000, 0x00000000ebc00000, 0x0000000100000000)
  eden space 11776K, 100% used [0x00000000eab00000,0x00000000eb680000,0x00000000eb680000)
  from space 1536K, 93% used [0x00000000eba80000,0x00000000ebbe5200,0x00000000ebc00000)
  to   space 2560K, 0% used [0x00000000eb700000,0x00000000eb700000,0x00000000eb980000)
 ParOldGen       total 279552K, used 269018K [0x00000000c0000000, 0x00000000d1100000, 0x00000000eab00000)
  object space 279552K, 96% used [0x00000000c0000000,0x00000000d06b6a10,0x00000000d1100000)
 Metaspace       used 90897K, committed 92224K, reserved 1138688K
  class space    used 9210K, committed 9792K, reserved 1048576K
}
Event: 474.735 GC heap after
{Heap after GC invocations=1428 (full 45):
 PSYoungGen      total 14848K, used 720K [0x00000000eab00000, 0x00000000ebb80000, 0x0000000100000000)
  eden space 12288K, 0% used [0x00000000eab00000,0x00000000eab00000,0x00000000eb700000)
  from space 2560K, 28% used [0x00000000eb700000,0x00000000eb7b4030,0x00000000eb980000)
  to   space 1536K, 0% used [0x00000000eba00000,0x00000000eba00000,0x00000000ebb80000)
 ParOldGen       total 279552K, used 270351K [0x00000000c0000000, 0x00000000d1100000, 0x00000000eab00000)
  object space 279552K, 96% used [0x00000000c0000000,0x00000000d0803c10,0x00000000d1100000)
 Metaspace       used 90897K, committed 92224K, reserved 1138688K
  class space    used 9210K, committed 9792K, reserved 1048576K
}
Event: 477.883 GC heap before
{Heap before GC invocations=1429 (full 45):
 PSYoungGen      total 14848K, used 13008K [0x00000000eab00000, 0x00000000ebb80000, 0x0000000100000000)
  eden space 12288K, 100% used [0x00000000eab00000,0x00000000eb700000,0x00000000eb700000)
  from space 2560K, 28% used [0x00000000eb700000,0x00000000eb7b4030,0x00000000eb980000)
  to   space 1536K, 0% used [0x00000000eba00000,0x00000000eba00000,0x00000000ebb80000)
 ParOldGen       total 279552K, used 270351K [0x00000000c0000000, 0x00000000d1100000, 0x00000000eab00000)
  object space 279552K, 96% used [0x00000000c0000000,0x00000000d0803c10,0x00000000d1100000)
 Metaspace       used 90897K, committed 92224K, reserved 1138688K
  class space    used 9210K, committed 9792K, reserved 1048576K
}
Event: 477.885 GC heap after
{Heap after GC invocations=1429 (full 45):
 PSYoungGen      total 13312K, used 916K [0x00000000eab00000, 0x00000000ebb00000, 0x0000000100000000)
  eden space 12288K, 0% used [0x00000000eab00000,0x00000000eab00000,0x00000000eb700000)
  from space 1024K, 89% used [0x00000000eba00000,0x00000000ebae5220,0x00000000ebb00000)
  to   space 1024K, 0% used [0x00000000eb900000,0x00000000eb900000,0x00000000eba00000)
 ParOldGen       total 279552K, used 270967K [0x00000000c0000000, 0x00000000d1100000, 0x00000000eab00000)
  object space 279552K, 96% used [0x00000000c0000000,0x00000000d089dc50,0x00000000d1100000)
 Metaspace       used 90897K, committed 92224K, reserved 1138688K
  class space    used 9210K, committed 9792K, reserved 1048576K
}
Event: 10972.346 GC heap before
{Heap before GC invocations=1430 (full 45):
 PSYoungGen      total 13312K, used 13204K [0x00000000eab00000, 0x00000000ebb00000, 0x0000000100000000)
  eden space 12288K, 100% used [0x00000000eab00000,0x00000000eb700000,0x00000000eb700000)
  from space 1024K, 89% used [0x00000000eba00000,0x00000000ebae5220,0x00000000ebb00000)
  to   space 1024K, 0% used [0x00000000eb900000,0x00000000eb900000,0x00000000eba00000)
 ParOldGen       total 279552K, used 270967K [0x00000000c0000000, 0x00000000d1100000, 0x00000000eab00000)
  object space 279552K, 96% used [0x00000000c0000000,0x00000000d089dc50,0x00000000d1100000)
 Metaspace       used 90918K, committed 92224K, reserved 1138688K
  class space    used 9210K, committed 9792K, reserved 1048576K
}
Event: 10976.444 GC heap after
{Heap after GC invocations=1430 (full 45):
 PSYoungGen      total 13312K, used 681K [0x00000000eab00000, 0x00000000eba80000, 0x0000000100000000)
  eden space 12288K, 0% used [0x00000000eab00000,0x00000000eab00000,0x00000000eb700000)
  from space 1024K, 66% used [0x00000000eb900000,0x00000000eb9aa420,0x00000000eba00000)
  to   space 512K, 0% used [0x00000000eba00000,0x00000000eba00000,0x00000000eba80000)
 ParOldGen       total 279552K, used 271861K [0x00000000c0000000, 0x00000000d1100000, 0x00000000eab00000)
  object space 279552K, 97% used [0x00000000c0000000,0x00000000d097d7a8,0x00000000d1100000)
 Metaspace       used 90918K, committed 92224K, reserved 1138688K
  class space    used 9210K, committed 9792K, reserved 1048576K
}
Event: 10983.978 GC heap before
{Heap before GC invocations=1431 (full 45):
 PSYoungGen      total 13312K, used 12969K [0x00000000eab00000, 0x00000000eba80000, 0x0000000100000000)
  eden space 12288K, 100% used [0x00000000eab00000,0x00000000eb700000,0x00000000eb700000)
  from space 1024K, 66% used [0x00000000eb900000,0x00000000eb9aa420,0x00000000eba00000)
  to   space 512K, 0% used [0x00000000eba00000,0x00000000eba00000,0x00000000eba80000)
 ParOldGen       total 279552K, used 271861K [0x00000000c0000000, 0x00000000d1100000, 0x00000000eab00000)
  object space 279552K, 97% used [0x00000000c0000000,0x00000000d097d7a8,0x00000000d1100000)
 Metaspace       used 90935K, committed 92224K, reserved 1138688K
  class space    used 9211K, committed 9792K, reserved 1048576K
}
Event: 10984.046 GC heap after
{Heap after GC invocations=1431 (full 45):
 PSYoungGen      total 12800K, used 496K [0x00000000eab00000, 0x00000000eba80000, 0x0000000100000000)
  eden space 12288K, 0% used [0x00000000eab00000,0x00000000eab00000,0x00000000eb700000)
  from space 512K, 96% used [0x00000000eba00000,0x00000000eba7c010,0x00000000eba80000)
  to   space 1536K, 0% used [0x00000000eb780000,0x00000000eb780000,0x00000000eb900000)
 ParOldGen       total 279552K, used 272579K [0x00000000c0000000, 0x00000000d1100000, 0x00000000eab00000)
  object space 279552K, 97% used [0x00000000c0000000,0x00000000d0a30e20,0x00000000d1100000)
 Metaspace       used 90935K, committed 92224K, reserved 1138688K
  class space    used 9211K, committed 9792K, reserved 1048576K
}
Event: 10986.972 GC heap before
{Heap before GC invocations=1432 (full 45):
 PSYoungGen      total 12800K, used 12784K [0x00000000eab00000, 0x00000000eba80000, 0x0000000100000000)
  eden space 12288K, 100% used [0x00000000eab00000,0x00000000eb700000,0x00000000eb700000)
  from space 512K, 96% used [0x00000000eba00000,0x00000000eba7c010,0x00000000eba80000)
  to   space 1536K, 0% used [0x00000000eb780000,0x00000000eb780000,0x00000000eb900000)
 ParOldGen       total 279552K, used 272579K [0x00000000c0000000, 0x00000000d1100000, 0x00000000eab00000)
  object space 279552K, 97% used [0x00000000c0000000,0x00000000d0a30e20,0x00000000d1100000)
 Metaspace       used 90940K, committed 92224K, reserved 1138688K
  class space    used 9211K, committed 9792K, reserved 1048576K
}
Event: 10987.007 GC heap after
{Heap after GC invocations=1432 (full 45):
 PSYoungGen      total 13824K, used 1443K [0x00000000eab00000, 0x00000000eba80000, 0x0000000100000000)
  eden space 12288K, 0% used [0x00000000eab00000,0x00000000eab00000,0x00000000eb700000)
  from space 1536K, 93% used [0x00000000eb780000,0x00000000eb8e8d20,0x00000000eb900000)
  to   space 1536K, 0% used [0x00000000eb900000,0x00000000eb900000,0x00000000eba80000)
 ParOldGen       total 279552K, used 273019K [0x00000000c0000000, 0x00000000d1100000, 0x00000000eab00000)
  object space 279552K, 97% used [0x00000000c0000000,0x00000000d0a9ee40,0x00000000d1100000)
 Metaspace       used 90940K, committed 92224K, reserved 1138688K
  class space    used 9211K, committed 9792K, reserved 1048576K
}
Event: 10987.666 GC heap before
{Heap before GC invocations=1433 (full 45):
 PSYoungGen      total 13824K, used 13470K [0x00000000eab00000, 0x00000000eba80000, 0x0000000100000000)
  eden space 12288K, 97% used [0x00000000eab00000,0x00000000eb6bebe0,0x00000000eb700000)
  from space 1536K, 93% used [0x00000000eb780000,0x00000000eb8e8d20,0x00000000eb900000)
  to   space 1536K, 0% used [0x00000000eb900000,0x00000000eb900000,0x00000000eba80000)
 ParOldGen       total 279552K, used 273019K [0x00000000c0000000, 0x00000000d1100000, 0x00000000eab00000)
  object space 279552K, 97% used [0x00000000c0000000,0x00000000d0a9ee40,0x00000000d1100000)
 Metaspace       used 90948K, committed 92224K, reserved 1138688K
  class space    used 9211K, committed 9792K, reserved 1048576K
}
Event: 10987.694 GC heap after
{Heap after GC invocations=1433 (full 45):
 PSYoungGen      total 13824K, used 1330K [0x00000000eab00000, 0x00000000eba80000, 0x0000000100000000)
  eden space 12288K, 0% used [0x00000000eab00000,0x00000000eab00000,0x00000000eb700000)
  from space 1536K, 86% used [0x00000000eb900000,0x00000000eba4cb20,0x00000000eba80000)
  to   space 1536K, 0% used [0x00000000eb780000,0x00000000eb780000,0x00000000eb900000)
 ParOldGen       total 279552K, used 274380K [0x00000000c0000000, 0x00000000d1100000, 0x00000000eab00000)
  object space 279552K, 98% used [0x00000000c0000000,0x00000000d0bf33a0,0x00000000d1100000)
 Metaspace       used 90948K, committed 92224K, reserved 1138688K
  class space    used 9211K, committed 9792K, reserved 1048576K
}
Event: 10987.868 GC heap before
{Heap before GC invocations=1434 (full 45):
 PSYoungGen      total 13824K, used 13618K [0x00000000eab00000, 0x00000000eba80000, 0x0000000100000000)
  eden space 12288K, 100% used [0x00000000eab00000,0x00000000eb700000,0x00000000eb700000)
  from space 1536K, 86% used [0x00000000eb900000,0x00000000eba4cb20,0x00000000eba80000)
  to   space 1536K, 0% used [0x00000000eb780000,0x00000000eb780000,0x00000000eb900000)
 ParOldGen       total 279552K, used 274380K [0x00000000c0000000, 0x00000000d1100000, 0x00000000eab00000)
  object space 279552K, 98% used [0x00000000c0000000,0x00000000d0bf33a0,0x00000000d1100000)
 Metaspace       used 90948K, committed 92224K, reserved 1138688K
  class space    used 9211K, committed 9792K, reserved 1048576K
}
Event: 10987.894 GC heap after
{Heap after GC invocations=1434 (full 45):
 PSYoungGen      total 13824K, used 1534K [0x00000000eab00000, 0x00000000ecf00000, 0x0000000100000000)
  eden space 12288K, 0% used [0x00000000eab00000,0x00000000eab00000,0x00000000eb700000)
  from space 1536K, 99% used [0x00000000eb780000,0x00000000eb8ff920,0x00000000eb900000)
  to   space 12288K, 0% used [0x00000000ec300000,0x00000000ec300000,0x00000000ecf00000)
 ParOldGen       total 283648K, used 283459K [0x00000000c0000000, 0x00000000d1500000, 0x00000000eab00000)
  object space 283648K, 99% used [0x00000000c0000000,0x00000000d14d0cc0,0x00000000d1500000)
 Metaspace       used 90948K, committed 92224K, reserved 1138688K
  class space    used 9211K, committed 9792K, reserved 1048576K
}
Event: 10987.895 GC heap before
{Heap before GC invocations=1435 (full 46):
 PSYoungGen      total 13824K, used 1534K [0x00000000eab00000, 0x00000000ecf00000, 0x0000000100000000)
  eden space 12288K, 0% used [0x00000000eab00000,0x00000000eab00000,0x00000000eb700000)
  from space 1536K, 99% used [0x00000000eb780000,0x00000000eb8ff920,0x00000000eb900000)
  to   space 12288K, 0% used [0x00000000ec300000,0x00000000ec300000,0x00000000ecf00000)
 ParOldGen       total 283648K, used 283459K [0x00000000c0000000, 0x00000000d1500000, 0x00000000eab00000)
  object space 283648K, 99% used [0x00000000c0000000,0x00000000d14d0cc0,0x00000000d1500000)
 Metaspace       used 90948K, committed 92224K, reserved 1138688K
  class space    used 9211K, committed 9792K, reserved 1048576K
}

